{"/Users/deok9/Documents/develop/github/vue3-vite-water-gallery/src/components/HelloWorld.vue": {"path":"/Users/deok9/Documents/develop/github/vue3-vite-water-gallery/src/components/HelloWorld.vue","statementMap":{"0":{"start":{"line":13,"column":0},"end":{"line":13,"column":null}},"1":{"start":{"line":15,"column":15},"end":{"line":15,"column":31}},"2":{"start":{"line":21,"column":4},"end":{"line":21,"column":11}},"3":{"start":{"line":27,"column":6},"end":{"line":27,"column":11}},"4":{"start":{"line":30,"column":6},"end":{"line":30,"column":11}}},"fnMap":{"0":{"name":"(anonymous_0)","decl":{"start":{"line":20,"column":2},"end":{"line":20,"column":6}},"loc":{"start":{"line":20,"column":2},"end":{"line":24,"column":null}}},"1":{"name":"(anonymous_1)","decl":{"start":{"line":26,"column":11},"end":{"line":26,"column":null}},"loc":{"start":{"line":26,"column":11},"end":{"line":28,"column":null}}},"2":{"name":"(anonymous_2)","decl":{"start":{"line":29,"column":12},"end":{"line":29,"column":null}},"loc":{"start":{"line":29,"column":12},"end":{"line":31,"column":null}}}},"branchMap":{"0":{"loc":{"start":{"line":30,"column":40},"end":{"line":30,"column":44}},"type":"cond-expr","locations":[{"start":{"line":30,"column":40},"end":{"line":30,"column":44}},{"start":{"line":30,"column":44},"end":{"line":30,"column":null}}]}},"s":{"0":1,"1":1,"2":2,"3":1,"4":2},"f":{"0":2,"1":1,"2":2},"b":{"0":[1,1]}}
}
